2025-04-02 16:11:41,426 [INFO] Activator:176 - 


2025-04-02 16:11:41,430 [INFO] Activator:177 - !SESSION log4j initialized
2025-04-02 16:11:48,019 [INFO] LogOutputStream:77 - [STDOUT_REDIRECT] 
2025-04-02 16:11:51,510 [INFO] ApplicationProperties:184 - Using Application install path: /opt/st/stm32cubeide_1.18.0/plugins/com.st.stm32cube.common.mx_6.14.0.202502271554
2025-04-02 16:11:51,558 [INFO] DbMcusXml:78 - Set database path to: /opt/st/stm32cubeide_1.18.0/plugins/com.st.stm32cube.common.mx_6.14.0.202502271554//db//mcu/
2025-04-02 16:11:51,558 [INFO] ApiDb:274 - Set plugin database path to: /opt/st/stm32cubeide_1.18.0/plugins/com.st.stm32cube.common.mx_6.14.0.202502271554//db//plugins/boardmanager/
2025-04-02 16:11:51,559 [WARN] ApiDb:259 - Overriding images path with different value:  => /opt/st/stm32cubeide_1.18.0/plugins/com.st.stm32cube.common.mx_6.14.0.202502271554//db//plugins/mcufinder/images/
2025-04-02 16:11:51,658 [INFO] ApiDb:250 - Set database path to: /home/francisco/.stmcufinder/plugins/mcufinder//mcu/
2025-04-02 16:11:51,660 [INFO] DbMcusAds:125 - Set database path to: /home/francisco/.stmcufinder/plugins/mcufinder//mcu/
2025-04-02 16:11:51,664 [INFO] CrossReferenceDbSqlite:203 - Set database path to: /home/francisco/.stmcufinder/plugins/mcufinder//mcu/cs/
2025-04-02 16:11:51,842 [INFO] RulesReader:64 - Compatibility file has been processed (301 Rules)
2025-04-02 16:11:52,032 [INFO] DbMcusXml:78 - Set database path to: /opt/st/stm32cubeide_1.18.0/plugins/com.st.stm32cube.common.mx_6.14.0.202502271554//db//mcu/
2025-04-02 16:11:52,033 [INFO] ApiDb:274 - Set plugin database path to: /opt/st/stm32cubeide_1.18.0/plugins/com.st.stm32cube.common.mx_6.14.0.202502271554//db//plugins/boardmanager/
2025-04-02 16:11:52,033 [INFO] ApiDb:261 - Set plugin images path to: /opt/st/stm32cubeide_1.18.0/plugins/com.st.stm32cube.common.mx_6.14.0.202502271554//db//plugins/mcufinder/images/
2025-04-02 16:11:52,033 [WARN] DbFile:41 - Overriding database path with different value: /home/francisco/.stmcufinder/plugins/mcufinder/ => /home/francisco/.stmcufinder/plugins/mcufinder
2025-04-02 16:11:52,033 [INFO] ApiDb:250 - Set database path to: /home/francisco/.stmcufinder/plugins/mcufinder//mcu/
2025-04-02 16:11:52,033 [WARN] DbFile:41 - Overriding database path with different value: /home/francisco/.stmcufinder/plugins/mcufinder/ => /home/francisco/.stmcufinder/plugins/mcufinder
2025-04-02 16:11:52,033 [INFO] DbMcusAds:125 - Set database path to: /home/francisco/.stmcufinder/plugins/mcufinder//mcu/
2025-04-02 16:11:52,033 [WARN] DbFile:41 - Overriding database path with different value: /home/francisco/.stmcufinder/plugins/mcufinder/ => /home/francisco/.stmcufinder/plugins/mcufinder
2025-04-02 16:11:52,033 [WARN] DbFile:41 - Overriding database path with different value: /home/francisco/.stmcufinder/plugins/mcufinder/ => /home/francisco/.stmcufinder/plugins/mcufinder
2025-04-02 16:11:52,033 [INFO] CrossReferenceDbSqlite:203 - Set database path to: /home/francisco/.stmcufinder/plugins/mcufinder//mcu/cs/
2025-04-02 16:11:52,172 [INFO] MainPanel:272 - HeapMemory: 268435456
2025-04-02 16:11:52,527 [INFO] DbMcusXml:78 - Set database path to: /opt/st/stm32cubeide_1.18.0/plugins/com.st.stm32cube.common.mx_6.14.0.202502271554//db//mcu/
2025-04-02 16:11:52,527 [INFO] ApiDb:274 - Set plugin database path to: /opt/st/stm32cubeide_1.18.0/plugins/com.st.stm32cube.common.mx_6.14.0.202502271554//db//plugins/boardmanager/
2025-04-02 16:11:52,527 [INFO] ApiDb:261 - Set plugin images path to: /opt/st/stm32cubeide_1.18.0/plugins/com.st.stm32cube.common.mx_6.14.0.202502271554//db//plugins/mcufinder/images/
2025-04-02 16:11:52,528 [WARN] DbFile:41 - Overriding database path with different value: /home/francisco/.stmcufinder/plugins/mcufinder/ => /home/francisco/.stmcufinder/plugins/mcufinder
2025-04-02 16:11:52,528 [INFO] ApiDb:250 - Set database path to: /home/francisco/.stmcufinder/plugins/mcufinder//mcu/
2025-04-02 16:11:52,528 [WARN] DbFile:41 - Overriding database path with different value: /home/francisco/.stmcufinder/plugins/mcufinder/ => /home/francisco/.stmcufinder/plugins/mcufinder
2025-04-02 16:11:52,528 [INFO] DbMcusAds:125 - Set database path to: /home/francisco/.stmcufinder/plugins/mcufinder//mcu/
2025-04-02 16:11:52,528 [WARN] DbFile:41 - Overriding database path with different value: /home/francisco/.stmcufinder/plugins/mcufinder/ => /home/francisco/.stmcufinder/plugins/mcufinder
2025-04-02 16:11:52,528 [WARN] DbFile:41 - Overriding database path with different value: /home/francisco/.stmcufinder/plugins/mcufinder/ => /home/francisco/.stmcufinder/plugins/mcufinder
2025-04-02 16:11:52,528 [INFO] CrossReferenceDbSqlite:203 - Set database path to: /home/francisco/.stmcufinder/plugins/mcufinder//mcu/cs/
2025-04-02 16:11:52,555 [INFO] ApplicationProperties:184 - Using Application install path: /opt/st/stm32cubeide_1.18.0/plugins/com.st.stm32cube.common.mx_6.14.0.202502271554
2025-04-02 16:11:52,556 [INFO] PluginManage:196 - Search for loadable plugins [exclusion list=, ]
2025-04-02 16:11:52,558 [INFO] PluginManage:310 - Check plugin analytics
2025-04-02 16:11:52,833 [INFO] AnalyticsPlugin:253 - Accepted Software Licenses: 
2025-04-02 16:11:52,833 [INFO] AnalyticsPlugin:255 - Accepted CMSIS Pack Licenses: 
2025-04-02 16:11:52,833 [INFO] AnalyticsPlugin:257 - Accepted Firmware Licenses: 
2025-04-02 16:11:52,836 [INFO] PluginManage:359 - Loaded plugin analytics (category:tool,tabindex:-1)
2025-04-02 16:11:52,836 [INFO] PluginManage:310 - Check plugin cadmodel
2025-04-02 16:11:52,884 [INFO] CADModel:105 - Init CAD model plugin
2025-04-02 16:11:52,884 [INFO] PluginManage:359 - Loaded plugin cadmodel (category:power,tabindex:5)
2025-04-02 16:11:52,884 [INFO] PluginManage:310 - Check plugin clock
2025-04-02 16:11:52,906 [INFO] PluginManage:359 - Loaded plugin clock (category:base,tabindex:2)
2025-04-02 16:11:52,907 [INFO] PluginManage:310 - Check plugin ddr
2025-04-02 16:11:52,924 [INFO] PluginManage:359 - Loaded plugin ddr (category:tool,tabindex:6)
2025-04-02 16:11:52,924 [INFO] PluginManage:310 - Check plugin filemanager
2025-04-02 16:11:53,174 [INFO] PluginManage:359 - Loaded plugin filemanager (category:base,tabindex:10)
2025-04-02 16:11:53,175 [INFO] PluginManage:310 - Check plugin ipmanager
2025-04-02 16:11:53,212 [INFO] PluginManage:359 - Loaded plugin ipmanager (category:base,tabindex:5)
2025-04-02 16:11:53,212 [INFO] PluginManage:310 - Check plugin lpbam
2025-04-02 16:11:53,261 [INFO] PluginManage:359 - Loaded plugin lpbam (category:base,tabindex:0)
2025-04-02 16:11:53,261 [INFO] PluginManage:310 - Check plugin memorymap
2025-04-02 16:11:53,304 [INFO] PluginManage:359 - Loaded plugin memorymap (category:base,tabindex:4)
2025-04-02 16:11:53,304 [INFO] PluginManage:310 - Check plugin pinoutandconfiguration
2025-04-02 16:11:53,314 [INFO] PluginManage:359 - Loaded plugin pinoutandconfiguration (category:base,tabindex:1)
2025-04-02 16:11:53,314 [INFO] PluginManage:310 - Check plugin pinoutconfig
2025-04-02 16:11:53,466 [WARN] SupportedApi:132 - Cannot load RTOS API schema: s4s-elt-must-match.1: The content of 'definitions' must match (annotation?, (simpleType | complexType)?, (unique | key | keyref)*)). A problem was found starting at: attribute.
2025-04-02 16:11:53,645 [INFO] PluginManage:359 - Loaded plugin pinoutconfig (category:base,tabindex:0)
2025-04-02 16:11:53,645 [INFO] PluginManage:310 - Check plugin power
2025-04-02 16:11:53,682 [INFO] PluginManage:359 - Loaded plugin power (category:power,tabindex:4)
2025-04-02 16:11:53,683 [INFO] PluginManage:310 - Check plugin projectmanager
2025-04-02 16:11:53,730 [INFO] PluginManage:359 - Loaded plugin projectmanager (category:projectmanager,tabindex:4)
2025-04-02 16:11:53,731 [INFO] PluginManage:310 - Check plugin rif
2025-04-02 16:11:53,759 [INFO] PluginManage:359 - Loaded plugin rif (category:base,tabindex:3)
2025-04-02 16:11:53,759 [INFO] PluginManage:310 - Check plugin thirdparty
2025-04-02 16:11:54,019 [INFO] PluginManage:359 - Loaded plugin thirdparty (category:base,tabindex:-1)
2025-04-02 16:11:54,019 [WARN] IntegrityCheckThread:84 - waiting for thirdparty lock release [integrity check]
2025-04-02 16:11:54,020 [INFO] PluginManage:310 - Check plugin tools
2025-04-02 16:11:54,020 [INFO] IntegrityCheckThread:86 - entering critical section [integrity check]
2025-04-02 16:11:54,020 [INFO] ThirdPartyUpdaterWithRetryManager:70 - Updater plugin not ready yet. [1/15]
2025-04-02 16:11:54,030 [INFO] PluginManage:359 - Loaded plugin tools (category:base,tabindex:7)
2025-04-02 16:11:54,030 [INFO] PluginManage:310 - Check plugin tutovideos
2025-04-02 16:11:54,210 [INFO] PluginManage:359 - Loaded plugin tutovideos (category:base,tabindex:-1)
2025-04-02 16:11:54,211 [INFO] PluginManage:310 - Check plugin updater
2025-04-02 16:11:54,352 [INFO] PluginManage:359 - Loaded plugin updater (category:base,tabindex:12)
2025-04-02 16:11:54,352 [INFO] PluginManage:310 - Check plugin userauth
2025-04-02 16:11:54,380 [INFO] UserAuth:118 - Init User Auth plugin
2025-04-02 16:11:54,382 [INFO] PluginManage:359 - Loaded plugin userauth (category:base,tabindex:14)
2025-04-02 16:11:54,383 [INFO] PluginManage:283 - PluginManage : Loaded plugins [18]
2025-04-02 16:11:54,774 [INFO] PinOutPanel:1589 - setPackage(No Configuration,No Configuration)
2025-04-02 16:11:54,895 [INFO] CADModel:165 - CPN selected for project level
2025-04-02 16:11:54,896 [INFO] CADModel:114 - Register for checkConnection events
2025-04-02 16:11:54,919 [INFO] IPUIPlugin:80 - create IPUIPlugin
2025-04-02 16:11:54,919 [INFO] PluginManager:220 - loadIPPluginJar : add freertos
2025-04-02 16:11:54,934 [INFO] IPUIPlugin:80 - create IPUIPlugin
2025-04-02 16:11:54,934 [INFO] PluginManager:220 - loadIPPluginJar : add fmc
2025-04-02 16:11:54,939 [INFO] IPUIPlugin:80 - create IPUIPlugin
2025-04-02 16:11:54,940 [INFO] PluginManager:220 - loadIPPluginJar : add gpio
2025-04-02 16:11:54,954 [INFO] IPUIPlugin:80 - create IPUIPlugin
2025-04-02 16:11:54,954 [INFO] PluginManager:220 - loadIPPluginJar : add gtzc
2025-04-02 16:11:54,965 [INFO] IPUIPlugin:80 - create IPUIPlugin
2025-04-02 16:11:54,965 [INFO] PluginManager:220 - loadIPPluginJar : add adc
2025-04-02 16:11:54,967 [INFO] IPUIPlugin:80 - create IPUIPlugin
2025-04-02 16:11:54,967 [INFO] PluginManager:220 - loadIPPluginJar : add dfsdm
2025-04-02 16:11:54,992 [INFO] IPUIPlugin:80 - create IPUIPlugin
2025-04-02 16:11:54,992 [INFO] PluginManager:220 - loadIPPluginJar : add ddr_ctrl_phy
2025-04-02 16:11:55,004 [INFO] IPUIPlugin:80 - create IPUIPlugin
2025-04-02 16:11:55,004 [INFO] PluginManager:220 - loadIPPluginJar : add radio
2025-04-02 16:11:55,008 [INFO] IPUIPlugin:80 - create IPUIPlugin
2025-04-02 16:11:55,008 [INFO] PluginManager:220 - loadIPPluginJar : add pdm2pcm
2025-04-02 16:11:55,010 [INFO] IPUIPlugin:80 - create IPUIPlugin
2025-04-02 16:11:55,010 [INFO] PluginManager:220 - loadIPPluginJar : add genericplugin
2025-04-02 16:11:55,013 [INFO] IPUIPlugin:80 - create IPUIPlugin
2025-04-02 16:11:55,013 [INFO] PluginManager:220 - loadIPPluginJar : add hash
2025-04-02 16:11:55,016 [INFO] IPUIPlugin:80 - create IPUIPlugin
2025-04-02 16:11:55,016 [INFO] PluginManager:220 - loadIPPluginJar : add dma3
2025-04-02 16:11:55,018 [INFO] IPUIPlugin:80 - create IPUIPlugin
2025-04-02 16:11:55,018 [INFO] PluginManager:220 - loadIPPluginJar : add quadspi
2025-04-02 16:11:55,029 [INFO] IPUIPlugin:80 - create IPUIPlugin
2025-04-02 16:11:55,030 [INFO] PluginManager:220 - loadIPPluginJar : add tim
2025-04-02 16:11:55,033 [INFO] IPUIPlugin:80 - create IPUIPlugin
2025-04-02 16:11:55,033 [INFO] PluginManager:220 - loadIPPluginJar : add i2c
2025-04-02 16:11:55,041 [INFO] IPUIPlugin:80 - create IPUIPlugin
2025-04-02 16:11:55,041 [INFO] PluginManager:220 - loadIPPluginJar : add mdma
2025-04-02 16:11:55,051 [INFO] IPUIPlugin:80 - create IPUIPlugin
2025-04-02 16:11:55,051 [INFO] PluginManager:220 - loadIPPluginJar : add spi
2025-04-02 16:11:55,059 [INFO] IPUIPlugin:80 - create IPUIPlugin
2025-04-02 16:11:55,059 [INFO] PluginManager:220 - loadIPPluginJar : add stm32_wpan
2025-04-02 16:11:55,062 [INFO] IPUIPlugin:80 - create IPUIPlugin
2025-04-02 16:11:55,063 [INFO] PluginManager:220 - loadIPPluginJar : add i2s
2025-04-02 16:11:55,066 [INFO] IPUIPlugin:80 - create IPUIPlugin
2025-04-02 16:11:55,067 [INFO] PluginManager:220 - loadIPPluginJar : add openamp
2025-04-02 16:11:55,069 [INFO] IPUIPlugin:80 - create IPUIPlugin
2025-04-02 16:11:55,069 [INFO] PluginManager:220 - loadIPPluginJar : add tsc
2025-04-02 16:11:55,073 [INFO] IPUIPlugin:80 - create IPUIPlugin
2025-04-02 16:11:55,073 [INFO] PluginManager:220 - loadIPPluginJar : add touchsensing
2025-04-02 16:11:55,084 [INFO] IPUIPlugin:80 - create IPUIPlugin
2025-04-02 16:11:55,084 [INFO] PluginManager:220 - loadIPPluginJar : add resmgrutility
2025-04-02 16:11:55,087 [INFO] IPUIPlugin:80 - create IPUIPlugin
2025-04-02 16:11:55,087 [INFO] PluginManager:220 - loadIPPluginJar : add extmemmanager
2025-04-02 16:11:55,089 [INFO] IPUIPlugin:80 - create IPUIPlugin
2025-04-02 16:11:55,089 [INFO] PluginManager:220 - loadIPPluginJar : add ucpd
2025-04-02 16:11:55,090 [INFO] IPUIPlugin:80 - create IPUIPlugin
2025-04-02 16:11:55,090 [INFO] PluginManager:220 - loadIPPluginJar : add fatfs
2025-04-02 16:11:55,093 [INFO] IPUIPlugin:80 - create IPUIPlugin
2025-04-02 16:11:55,093 [INFO] PluginManager:220 - loadIPPluginJar : add can
2025-04-02 16:11:55,107 [INFO] IPUIPlugin:80 - create IPUIPlugin
2025-04-02 16:11:55,107 [INFO] PluginManager:220 - loadIPPluginJar : add nvic
2025-04-02 16:11:55,130 [INFO] IPUIPlugin:80 - create IPUIPlugin
2025-04-02 16:11:55,130 [INFO] PluginManager:220 - loadIPPluginJar : add usart
2025-04-02 16:11:55,132 [INFO] IPUIPlugin:80 - create IPUIPlugin
2025-04-02 16:11:55,132 [INFO] PluginManager:220 - loadIPPluginJar : add comp
2025-04-02 16:11:55,158 [INFO] IPUIPlugin:80 - create IPUIPlugin
2025-04-02 16:11:55,158 [INFO] PluginManager:220 - loadIPPluginJar : add dma
2025-04-02 16:11:55,179 [INFO] IPUIPlugin:80 - create IPUIPlugin
2025-04-02 16:11:55,180 [INFO] PluginManager:220 - loadIPPluginJar : add linkedlist
2025-04-02 16:11:55,182 [INFO] IPUIPlugin:80 - create IPUIPlugin
2025-04-02 16:11:55,182 [INFO] PluginManager:220 - loadIPPluginJar : add ts
2025-04-02 16:11:55,186 [INFO] IPUIPlugin:80 - create IPUIPlugin
2025-04-02 16:11:55,187 [INFO] PluginManager:220 - loadIPPluginJar : add ipddr
2025-04-02 16:11:55,190 [INFO] IPUIPlugin:80 - create IPUIPlugin
2025-04-02 16:11:55,190 [INFO] PluginManager:220 - loadIPPluginJar : add lorawan
2025-04-02 16:11:55,191 [INFO] IPUIPlugin:80 - create IPUIPlugin
2025-04-02 16:11:55,192 [INFO] PluginManager:220 - loadIPPluginJar : add ltdc
2025-04-02 16:11:55,194 [INFO] IPUIPlugin:80 - create IPUIPlugin
2025-04-02 16:11:55,195 [INFO] PluginManager:220 - loadIPPluginJar : add gfxmmu
2025-04-02 16:11:55,199 [INFO] IPUIPlugin:80 - create IPUIPlugin
2025-04-02 16:11:55,199 [INFO] PluginManager:220 - loadIPPluginJar : add usbx
2025-04-02 16:11:55,218 [INFO] IPUIPlugin:80 - create IPUIPlugin
2025-04-02 16:11:55,221 [INFO] PluginManager:220 - loadIPPluginJar : add plateformsettings
2025-04-02 16:11:55,227 [INFO] IPUIPlugin:80 - create IPUIPlugin
2025-04-02 16:11:55,227 [INFO] PluginManager:220 - loadIPPluginJar : add gic
2025-04-02 16:11:55,230 [INFO] IPUIPlugin:80 - create IPUIPlugin
2025-04-02 16:11:55,230 [INFO] PluginManager:220 - loadIPPluginJar : add cryp
2025-04-02 16:11:55,233 [INFO] IPUIPlugin:80 - create IPUIPlugin
2025-04-02 16:11:55,233 [INFO] PluginManager:220 - loadIPPluginJar : add aes
2025-04-02 16:11:55,236 [INFO] IPUIPlugin:80 - create IPUIPlugin
2025-04-02 16:11:55,236 [INFO] PluginManager:220 - loadIPPluginJar : add opamp
2025-04-02 16:11:55,239 [INFO] IPUIPlugin:80 - create IPUIPlugin
2025-04-02 16:11:55,240 [INFO] PluginManager:220 - loadIPPluginJar : add sai
2025-04-02 16:11:55,242 [INFO] IPUIPlugin:80 - create IPUIPlugin
2025-04-02 16:11:55,242 [INFO] PluginManager:220 - loadIPPluginJar : add i3c
2025-04-02 16:11:55,244 [INFO] IPUIPlugin:80 - create IPUIPlugin
2025-04-02 16:11:55,244 [INFO] PluginManager:220 - loadIPPluginJar : add tracer_emb
2025-04-02 16:11:55,345 [FATAL] Updater:351 - Updater called before beeing initialized
2025-04-02 16:11:55,408 [INFO] RulesReader:64 - Compatibility file has been processed (301 Rules)
2025-04-02 16:11:55,418 [INFO] RulesReader:64 - Compatibility file has been processed (301 Rules)
2025-04-02 16:11:55,425 [INFO] CADModel:165 - CPN selected for project level
2025-04-02 16:11:55,425 [INFO] CADModel:114 - Register for checkConnection events
2025-04-02 16:11:55,426 [FATAL] Updater:351 - Updater called before beeing initialized
2025-04-02 16:11:55,426 [ERROR] CADModel:125 - Updater not yet initialized, retry later 
2025-04-02 16:11:55,706 [FATAL] Updater:351 - Updater called before beeing initialized
2025-04-02 16:11:55,708 [INFO] CADModel:165 - CPN selected for project level
2025-04-02 16:11:55,708 [INFO] CADModel:114 - Register for checkConnection events
2025-04-02 16:11:55,708 [FATAL] Updater:351 - Updater called before beeing initialized
2025-04-02 16:11:55,708 [ERROR] CADModel:125 - Updater not yet initialized, retry later 
2025-04-02 16:11:55,711 [FATAL] Updater:351 - Updater called before beeing initialized
2025-04-02 16:11:55,790 [FATAL] Updater:351 - Updater called before beeing initialized
2025-04-02 16:11:55,816 [INFO] DbMcusAds:53 - JSON generation date=Thu Sep 30 01:55:09 CDT 2021 (1632984909247)
2025-04-02 16:11:55,816 [FATAL] Updater:351 - Updater called before beeing initialized
2025-04-02 16:11:55,907 [WARN] DetailPanel:346 - Failed to get advertising image, set to default
2025-04-02 16:11:56,146 [FATAL] Updater:351 - Updater called before beeing initialized
2025-04-02 16:11:56,147 [FATAL] Updater:351 - Updater called before beeing initialized
2025-04-02 16:11:56,147 [FATAL] Updater:351 - Updater called before beeing initialized
2025-04-02 16:11:56,148 [WARN] DetailPanel:346 - Failed to get advertising image, set to default
2025-04-02 16:11:56,148 [FATAL] Updater:351 - Updater called before beeing initialized
2025-04-02 16:11:56,201 [ERROR] Updater:1198 - MainUpdater not yet initialized. External WinMGr cannot be set.
2025-04-02 16:11:56,212 [INFO] Updater:1134 - Updater Version found : 6.14.0
2025-04-02 16:11:56,239 [INFO] ApplicationProperties:184 - Using Application install path: /opt/st/stm32cubeide_1.18.0/plugins/com.st.stm32cube.common.mx_6.14.0.202502271554
2025-04-02 16:11:56,294 [ERROR] LogOutputStream:75 - [STDERR_REDIRECT] Apr 02, 2025 4:11:56 PM java.util.prefs.FileSystemPreferences$2 run
2025-04-02 16:11:56,294 [ERROR] LogOutputStream:75 - [STDERR_REDIRECT] WARNING: Could not create system preferences directory. System preferences are unusable.
2025-04-02 16:11:56,295 [ERROR] LogOutputStream:75 - [STDERR_REDIRECT] 
2025-04-02 16:11:56,740 [INFO] MainUpdater:2872 - connection check result : 10
2025-04-02 16:11:56,742 [INFO] MainUpdater:289 - Updater Check For Update Now.
2025-04-02 16:11:56,742 [INFO] MicroXplorer:498 - Change Database Version : DB.6.0.140
2025-04-02 16:11:56,752 [INFO] McuFinderGlobals:63 - Set McuFinder mode to 2 (CubeIDE integrated)
2025-04-02 16:11:56,752 [INFO] UserAuth:171 - activating auth plugin
2025-04-02 16:11:56,765 [INFO] UserAuth:486 - Internet connection configuration mode: 1
2025-04-02 16:11:56,884 [INFO] JxBrowserEngine:152 - Initiate JxBrowser Engine with user profile folder
2025-04-02 16:11:57,021 [WARN] MainUpdater:1193 - Updater busy. Cannot search thirdparties
2025-04-02 16:11:57,021 [INFO] ThirdPartyUpdaterWithRetryManager:96 - Updater plugin is busy. [1/15]
2025-04-02 16:11:57,107 [INFO] CheckServerUpdateThread:120 - End of CheckServer Thread
2025-04-02 16:12:01,637 [WARN] PackLoader:240 - Cannot read IP mode file for STMicroelectronics.FP-SNS-MOTENVWB1.1.4.0
2025-04-02 16:12:01,686 [WARN] PackLoader:240 - Cannot read IP mode file for STMicroelectronics.FP-ATR-ASTRA1.2.0.2
2025-04-02 16:12:01,735 [WARN] PackLoader:240 - Cannot read IP mode file for STMicroelectronics.X-CUBE-SMBUS.2.1.0
2025-04-02 16:12:01,892 [WARN] PackLoader:240 - Cannot read IP mode file for STMicroelectronics.X-CUBE-WB05N.1.1.0
2025-04-02 16:12:02,091 [WARN] PackLoader:240 - Cannot read IP mode file for STMicroelectronics.X-CUBE-AZRTOS-F7.1.1.0
2025-04-02 16:12:02,131 [WARN] PackLoader:240 - Cannot read IP mode file for Infineon.AIROC-Wi-Fi-Bluetooth-STM32.1.7.0
2025-04-02 16:12:02,197 [WARN] PackLoader:240 - Cannot read IP mode file for STMicroelectronics.X-CUBE-DISPLAY.3.0.0
2025-04-02 16:12:02,268 [WARN] PackLoader:240 - Cannot read IP mode file for STMicroelectronics.X-CUBE-NFC10.1.0.0
2025-04-02 16:12:02,322 [WARN] PackLoader:240 - Cannot read IP mode file for STMicroelectronics.X-CUBE-BLEMGR.4.0.0
2025-04-02 16:12:02,488 [WARN] PackLoader:240 - Cannot read IP mode file for emotas.I-CUBE-CANOPEN.1.3.0
2025-04-02 16:12:02,533 [WARN] ConditionMgr:438 - getConditionDescription Invalid condition id : Cortex-A Device cause : null
2025-04-02 16:12:02,574 [WARN] ConditionMgr:1044 - genDependencies : Invalid condition id : Cortex-A Device cause : null
2025-04-02 16:12:02,575 [WARN] ConditionMgr:1044 - genDependencies : Invalid condition id : Cortex-A Device cause : null
2025-04-02 16:12:02,575 [WARN] ConditionMgr:1044 - genDependencies : Invalid condition id : Cortex-A Device cause : null
2025-04-02 16:12:02,642 [WARN] PackLoader:240 - Cannot read IP mode file for STMicroelectronics.X-CUBE-AI.10.0.0
2025-04-02 16:12:02,659 [WARN] PackLoader:240 - Cannot read IP mode file for STMicroelectronics.FP-SNS-SMARTAG2.1.2.0
2025-04-02 16:12:02,734 [WARN] PackLoader:240 - Cannot read IP mode file for STMicroelectronics.FP-SNS-FLIGHT1.5.1.0
2025-04-02 16:12:02,873 [WARN] PackLoader:240 - Cannot read IP mode file for STMicroelectronics.X-CUBE-MEMS1.11.1.0
2025-04-02 16:12:03,134 [INFO] LogOutputStream:77 - [STDOUT_REDIRECT] 1 : Invalid condition id : UX_CORESTACK_Condition cause : null
2025-04-02 16:12:03,135 [INFO] LogOutputStream:77 - [STDOUT_REDIRECT] 1 : Invalid condition id : UX_CORESTACK_Condition cause : null
2025-04-02 16:12:03,135 [INFO] LogOutputStream:77 - [STDOUT_REDIRECT] 1 : Invalid condition id : UX_CORESTACK_Condition cause : null
2025-04-02 16:12:03,136 [INFO] LogOutputStream:77 - [STDOUT_REDIRECT] 1 : Invalid condition id : UX_CORESTACK_Condition cause : null
2025-04-02 16:12:03,136 [INFO] LogOutputStream:77 - [STDOUT_REDIRECT] 1 : Invalid condition id : UX_CORESTACK_Condition cause : null
2025-04-02 16:12:03,138 [WARN] PackLoader:240 - Cannot read IP mode file for STMicroelectronics.X-CUBE-AZRTOS-WL.2.0.0
2025-04-02 16:12:03,144 [WARN] PackLoader:240 - Cannot read IP mode file for STMicroelectronics.FP-SNS-MOTENV1.5.0.0
2025-04-02 16:12:03,558 [WARN] PackLoader:240 - Cannot read IP mode file for WES.I-CUBE-Cesium.1.3.0
2025-04-02 16:12:03,608 [WARN] PackLoader:240 - Cannot read IP mode file for STMicroelectronics.X-CUBE-BLE2.3.3.0
2025-04-02 16:12:03,726 [WARN] PackLoader:240 - Cannot read IP mode file for STMicroelectronics.X-CUBE-NFC9.1.0.0
2025-04-02 16:12:03,809 [WARN] PackLoader:240 - Cannot read IP mode file for STMicroelectronics.X-CUBE-BLE1.7.1.0
2025-04-02 16:12:03,875 [WARN] PackLoader:240 - Cannot read IP mode file for wolfSSL.I-CUBE-wolfMQTT.1.19.2
2025-04-02 16:12:04,030 [WARN] PackLoader:240 - Cannot read IP mode file for STMicroelectronics.X-CUBE-AZRTOS-G0.1.1.0
2025-04-02 16:12:04,207 [WARN] PackLoader:240 - Cannot read IP mode file for STMicroelectronics.X-CUBE-SAFEA1.1.2.2
2025-04-02 16:12:04,270 [WARN] PackLoader:240 - Cannot read IP mode file for STMicroelectronics.X-CUBE-NFC4.3.0.0
2025-04-02 16:12:04,398 [WARN] PackLoader:240 - Cannot read IP mode file for EmbeddedOffice.I-CUBE-FS-RTOS.1.0.1
2025-04-02 16:12:04,451 [WARN] PackLoader:240 - Cannot read IP mode file for wolfSSL.I-CUBE-wolfTPM.3.8.0
2025-04-02 16:12:04,547 [WARN] PackLoader:240 - Cannot read IP mode file for STMicroelectronics.X-CUBE-TCPP.4.2.0
2025-04-02 16:12:04,670 [WARN] PackLoader:240 - Cannot read IP mode file for RealThread.X-CUBE-RT-Thread_Nano.4.1.1
2025-04-02 16:12:04,839 [WARN] PackLoader:240 - Cannot read IP mode file for STMicroelectronics.FP-ATR-SIGFOX1.3.2.0
2025-04-02 16:12:05,019 [WARN] PackLoader:240 - Cannot read IP mode file for STMicroelectronics.X-CUBE-EEPRMA1.5.1.0
2025-04-02 16:12:05,196 [WARN] PackLoader:240 - Cannot read IP mode file for wolfSSL.I-CUBE-wolfSSL.5.7.6
2025-04-02 16:12:05,271 [WARN] PackLoader:240 - Cannot read IP mode file for ITTIA_DB.I-CUBE-ITTIADB.8.9.0
2025-04-02 16:12:05,459 [WARN] PackLoader:240 - Cannot read IP mode file for SEGGER.I-CUBE-embOS.1.3.1
2025-04-02 16:12:05,591 [WARN] PackLoader:240 - Cannot read IP mode file for STMicroelectronics.X-CUBE-ALGOBUILD.1.4.0
2025-04-02 16:12:05,762 [WARN] PackLoader:240 - Cannot read IP mode file for STMicroelectronics.X-CUBE-AZRTOS-F4.1.1.0
2025-04-02 16:12:05,804 [WARN] PackLoader:240 - Cannot read IP mode file for STMicroelectronics.X-CUBE-ISPU.2.1.0
2025-04-02 16:12:05,993 [WARN] PackLoader:240 - Cannot read IP mode file for STMicroelectronics.X-CUBE-AZRTOS-L5.2.0.0
2025-04-02 16:12:06,096 [WARN] PackLoader:240 - Cannot read IP mode file for STMicroelectronics.X-CUBE-NFC6.3.1.0
2025-04-02 16:12:06,187 [WARN] PackLoader:240 - Cannot read IP mode file for STMicroelectronics.X-CUBE-FREERTOS.1.3.0
2025-04-02 16:12:06,309 [WARN] PackLoader:240 - Cannot read IP mode file for STMicroelectronics.X-CUBE-NFC7.1.0.1
2025-04-02 16:12:06,441 [WARN] PackLoader:240 - Cannot read IP mode file for STMicroelectronics.X-CUBE-DPower.1.3.0
2025-04-02 16:12:06,653 [WARN] ConditionMgr:438 - getConditionDescription Invalid condition id : LAN8742 Phy interface Condition cause : null
2025-04-02 16:12:06,654 [WARN] PackLoader:240 - Cannot read IP mode file for STMicroelectronics.X-CUBE-AZRTOS-L4.2.0.0
2025-04-02 16:12:06,656 [WARN] ConditionMgr:1044 - genDependencies : Invalid condition id : LAN8742 Phy interface Condition cause : null
2025-04-02 16:12:06,656 [WARN] ConditionMgr:1044 - genDependencies : Invalid condition id : LAN8742 Phy interface Condition cause : null
2025-04-02 16:12:06,657 [WARN] ConditionMgr:1044 - genDependencies : Invalid condition id : LAN8742 Phy interface Condition cause : null
2025-04-02 16:12:06,762 [WARN] PackLoader:240 - Cannot read IP mode file for STMicroelectronics.X-CUBE-SFXS2LP1.4.0.0
2025-04-02 16:12:06,892 [WARN] PackLoader:240 - Cannot read IP mode file for STMicroelectronics.X-CUBE-AZRTOS-H7.3.3.0
2025-04-02 16:12:07,076 [WARN] ConditionMgr:438 - getConditionDescription Invalid condition id : UX DEVICE CLASS RTOS Condition cause : null
2025-04-02 16:12:07,077 [WARN] ConditionMgr:438 - getConditionDescription Invalid condition id : UX DEVICE CLASS RTOS Condition cause : null
2025-04-02 16:12:07,080 [WARN] PackLoader:240 - Cannot read IP mode file for STMicroelectronics.X-CUBE-AZRTOS-WB.2.0.0
2025-04-02 16:12:07,081 [WARN] ConditionMgr:1044 - genDependencies : Invalid condition id : UX DEVICE CLASS RTOS Condition cause : null
2025-04-02 16:12:07,081 [WARN] ConditionMgr:1044 - genDependencies : Invalid condition id : UX DEVICE CLASS RTOS Condition cause : null
2025-04-02 16:12:07,082 [WARN] ConditionMgr:1044 - genDependencies : Invalid condition id : UX DEVICE CLASS RTOS Condition cause : null
2025-04-02 16:12:07,082 [WARN] ConditionMgr:1044 - genDependencies : Invalid condition id : UX DEVICE CLASS RTOS Condition cause : null
2025-04-02 16:12:07,083 [WARN] ConditionMgr:1044 - genDependencies : Invalid condition id : UX DEVICE CLASS RTOS Condition cause : null
2025-04-02 16:12:07,337 [WARN] PackLoader:240 - Cannot read IP mode file for STMicroelectronics.X-CUBE-GNSS1.7.0.1
2025-04-02 16:12:07,446 [WARN] PackLoader:240 - Cannot read IP mode file for STMicroelectronics.X-CUBE-TOUCHGFX.4.25.0
2025-04-02 16:12:07,612 [WARN] PackLoader:240 - Cannot read IP mode file for STMicroelectronics.FP-SNS-STBOX1.2.0.0
2025-04-02 16:12:07,788 [WARN] PackLoader:240 - Cannot read IP mode file for STMicroelectronics.X-CUBE-SUBG2.5.0.0
2025-04-02 16:12:08,021 [WARN] PackLoader:240 - Cannot read IP mode file for STMicroelectronics.X-CUBE-AZRTOS-H7RS.1.1.0
2025-04-02 16:12:08,089 [WARN] PackLoader:240 - Cannot read IP mode file for Cesanta.I-CUBE-Mongoose.7.13.0
2025-04-02 16:12:08,239 [WARN] PackLoader:240 - Cannot read IP mode file for STMicroelectronics.X-CUBE-AZRTOS-G4.2.0.0
2025-04-02 16:12:08,276 [WARN] PackLoader:240 - Cannot read IP mode file for wolfSSL.I-CUBE-wolfSSH.1.4.20
2025-04-02 16:12:08,438 [WARN] PackLoader:240 - Cannot read IP mode file for STMicroelectronics.X-CUBE-IPS.3.1.0
2025-04-02 16:12:08,552 [WARN] PackLoader:240 - Cannot read IP mode file for STMicroelectronics.X-CUBE-ALS.1.0.2
2025-04-02 16:12:08,635 [WARN] PackLoader:240 - Cannot read IP mode file for portGmbH.I-Cube-SoM-uGOAL.1.1.0
2025-04-02 16:12:08,825 [WARN] PackLoader:240 - Cannot read IP mode file for STMicroelectronics.X-CUBE-TOF1.3.4.2
2025-04-02 16:12:08,850 [INFO] ThirdParty:978 - Integrity check success = true
2025-04-02 16:12:08,850 [INFO] IntegrityCheckThread:100 - exiting critical section [integrity check]
2025-04-02 16:12:08,850 [INFO] IntegrityCheckThread:103 - End integrity checks thread
2025-04-02 16:12:15,732 [ERROR] LogOutputStream:75 - [STDERR_REDIRECT] Apr 02, 2025 4:12:15 PM java.util.prefs.FileSystemPreferences checkLockFile0ErrorCode
2025-04-02 16:12:15,733 [ERROR] LogOutputStream:75 - [STDERR_REDIRECT] WARNING: Could not lock System prefs. Unix error code 2.
2025-04-02 16:12:15,733 [ERROR] LogOutputStream:75 - [STDERR_REDIRECT] 
2025-04-02 16:12:15,734 [ERROR] LogOutputStream:75 - [STDERR_REDIRECT] Apr 02, 2025 4:12:15 PM java.util.prefs.FileSystemPreferences syncWorld
2025-04-02 16:12:15,734 [ERROR] LogOutputStream:75 - [STDERR_REDIRECT] WARNING: Couldn't flush system prefs: java.util.prefs.BackingStoreException: Couldn't get file lock.
2025-04-02 16:12:15,735 [ERROR] LogOutputStream:75 - [STDERR_REDIRECT] 
2025-04-02 16:12:16,410 [INFO] WebApp:169 - Instantiating new browser for Auth
2025-04-02 16:12:24,331 [INFO] WebApp:463 - Apply proxy settings
2025-04-02 16:12:24,331 [INFO] WebApp:548 - Chromium requires no authentication
2025-04-02 16:12:24,337 [INFO] WebApp:491 - Direct internet connection detected
2025-04-02 16:12:24,591 [INFO] WebApp:894 - Register for checkConnection events
2025-04-02 16:12:24,591 [INFO] WebApp:463 - Apply proxy settings
2025-04-02 16:12:24,591 [INFO] WebApp:548 - Chromium requires no authentication
2025-04-02 16:12:24,626 [INFO] WebApp:491 - Direct internet connection detected
2025-04-02 16:12:27,162 [INFO] WebApp:225 - Starting web application
2025-04-02 16:12:27,162 [INFO] WebApp:593 - Web application path used /opt/st/stm32cubeide_1.18.0/plugins/com.st.stm32cube.common.mx_6.14.0.202502271554/db/plugins/mcufinder/reactClient1/index.html
2025-04-02 16:12:28,120 [INFO] WebApp:191 - Connection restablished
2025-04-02 16:12:45,696 [ERROR] LogOutputStream:75 - [STDERR_REDIRECT] Apr 02, 2025 4:12:45 PM java.util.prefs.FileSystemPreferences checkLockFile0ErrorCode
2025-04-02 16:12:45,696 [ERROR] LogOutputStream:75 - [STDERR_REDIRECT] WARNING: Could not lock System prefs. Unix error code 2.
2025-04-02 16:12:45,697 [ERROR] LogOutputStream:75 - [STDERR_REDIRECT] 
2025-04-02 16:12:45,697 [ERROR] LogOutputStream:75 - [STDERR_REDIRECT] Apr 02, 2025 4:12:45 PM java.util.prefs.FileSystemPreferences syncWorld
2025-04-02 16:12:45,698 [ERROR] LogOutputStream:75 - [STDERR_REDIRECT] WARNING: Couldn't flush system prefs: java.util.prefs.BackingStoreException: Couldn't get file lock.
2025-04-02 16:12:45,698 [ERROR] LogOutputStream:75 - [STDERR_REDIRECT] 
2025-04-02 16:13:15,695 [ERROR] LogOutputStream:75 - [STDERR_REDIRECT] Apr 02, 2025 4:13:15 PM java.util.prefs.FileSystemPreferences checkLockFile0ErrorCode
2025-04-02 16:13:15,696 [ERROR] LogOutputStream:75 - [STDERR_REDIRECT] WARNING: Could not lock System prefs. Unix error code 2.
2025-04-02 16:13:15,696 [ERROR] LogOutputStream:75 - [STDERR_REDIRECT] 
2025-04-02 16:13:15,697 [ERROR] LogOutputStream:75 - [STDERR_REDIRECT] Apr 02, 2025 4:13:15 PM java.util.prefs.FileSystemPreferences syncWorld
2025-04-02 16:13:15,698 [ERROR] LogOutputStream:75 - [STDERR_REDIRECT] WARNING: Couldn't flush system prefs: java.util.prefs.BackingStoreException: Couldn't get file lock.
2025-04-02 16:13:15,698 [ERROR] LogOutputStream:75 - [STDERR_REDIRECT] 
2025-04-02 16:13:45,694 [ERROR] LogOutputStream:75 - [STDERR_REDIRECT] Apr 02, 2025 4:13:45 PM java.util.prefs.FileSystemPreferences checkLockFile0ErrorCode
2025-04-02 16:13:45,695 [ERROR] LogOutputStream:75 - [STDERR_REDIRECT] WARNING: Could not lock System prefs. Unix error code 2.
2025-04-02 16:13:45,695 [ERROR] LogOutputStream:75 - [STDERR_REDIRECT] 
2025-04-02 16:13:45,695 [ERROR] LogOutputStream:75 - [STDERR_REDIRECT] Apr 02, 2025 4:13:45 PM java.util.prefs.FileSystemPreferences syncWorld
2025-04-02 16:13:45,695 [ERROR] LogOutputStream:75 - [STDERR_REDIRECT] WARNING: Couldn't flush system prefs: java.util.prefs.BackingStoreException: Couldn't get file lock.
2025-04-02 16:13:45,696 [ERROR] LogOutputStream:75 - [STDERR_REDIRECT] 
2025-04-02 16:14:15,694 [ERROR] LogOutputStream:75 - [STDERR_REDIRECT] Apr 02, 2025 4:14:15 PM java.util.prefs.FileSystemPreferences checkLockFile0ErrorCode
2025-04-02 16:14:15,695 [ERROR] LogOutputStream:75 - [STDERR_REDIRECT] WARNING: Could not lock System prefs. Unix error code 2.
2025-04-02 16:14:15,695 [ERROR] LogOutputStream:75 - [STDERR_REDIRECT] 
2025-04-02 16:14:15,696 [ERROR] LogOutputStream:75 - [STDERR_REDIRECT] Apr 02, 2025 4:14:15 PM java.util.prefs.FileSystemPreferences syncWorld
2025-04-02 16:14:15,696 [ERROR] LogOutputStream:75 - [STDERR_REDIRECT] WARNING: Couldn't flush system prefs: java.util.prefs.BackingStoreException: Couldn't get file lock.
2025-04-02 16:14:15,697 [ERROR] LogOutputStream:75 - [STDERR_REDIRECT] 
2025-04-02 16:14:45,695 [ERROR] LogOutputStream:75 - [STDERR_REDIRECT] Apr 02, 2025 4:14:45 PM java.util.prefs.FileSystemPreferences checkLockFile0ErrorCode
2025-04-02 16:14:45,695 [ERROR] LogOutputStream:75 - [STDERR_REDIRECT] WARNING: Could not lock System prefs. Unix error code 2.
2025-04-02 16:14:45,696 [ERROR] LogOutputStream:75 - [STDERR_REDIRECT] 
2025-04-02 16:14:45,697 [ERROR] LogOutputStream:75 - [STDERR_REDIRECT] Apr 02, 2025 4:14:45 PM java.util.prefs.FileSystemPreferences syncWorld
2025-04-02 16:14:45,697 [ERROR] LogOutputStream:75 - [STDERR_REDIRECT] WARNING: Couldn't flush system prefs: java.util.prefs.BackingStoreException: Couldn't get file lock.
2025-04-02 16:14:45,698 [ERROR] LogOutputStream:75 - [STDERR_REDIRECT] 
2025-04-02 16:15:15,695 [ERROR] LogOutputStream:75 - [STDERR_REDIRECT] Apr 02, 2025 4:15:15 PM java.util.prefs.FileSystemPreferences checkLockFile0ErrorCode
2025-04-02 16:15:15,695 [ERROR] LogOutputStream:75 - [STDERR_REDIRECT] WARNING: Could not lock System prefs. Unix error code 2.
2025-04-02 16:15:15,695 [ERROR] LogOutputStream:75 - [STDERR_REDIRECT] 
2025-04-02 16:15:15,696 [ERROR] LogOutputStream:75 - [STDERR_REDIRECT] Apr 02, 2025 4:15:15 PM java.util.prefs.FileSystemPreferences syncWorld
2025-04-02 16:15:15,697 [ERROR] LogOutputStream:75 - [STDERR_REDIRECT] WARNING: Couldn't flush system prefs: java.util.prefs.BackingStoreException: Couldn't get file lock.
2025-04-02 16:15:15,697 [ERROR] LogOutputStream:75 - [STDERR_REDIRECT] 
2025-04-02 16:15:45,696 [ERROR] LogOutputStream:75 - [STDERR_REDIRECT] Apr 02, 2025 4:15:45 PM java.util.prefs.FileSystemPreferences checkLockFile0ErrorCode
2025-04-02 16:15:45,696 [ERROR] LogOutputStream:75 - [STDERR_REDIRECT] WARNING: Could not lock System prefs. Unix error code 2.
2025-04-02 16:15:45,697 [ERROR] LogOutputStream:75 - [STDERR_REDIRECT] 
2025-04-02 16:15:45,698 [ERROR] LogOutputStream:75 - [STDERR_REDIRECT] Apr 02, 2025 4:15:45 PM java.util.prefs.FileSystemPreferences syncWorld
2025-04-02 16:15:45,699 [ERROR] LogOutputStream:75 - [STDERR_REDIRECT] WARNING: Couldn't flush system prefs: java.util.prefs.BackingStoreException: Couldn't get file lock.
2025-04-02 16:15:45,699 [ERROR] LogOutputStream:75 - [STDERR_REDIRECT] 
2025-04-02 16:16:15,696 [ERROR] LogOutputStream:75 - [STDERR_REDIRECT] Apr 02, 2025 4:16:15 PM java.util.prefs.FileSystemPreferences checkLockFile0ErrorCode
2025-04-02 16:16:15,697 [ERROR] LogOutputStream:75 - [STDERR_REDIRECT] WARNING: Could not lock System prefs. Unix error code 2.
2025-04-02 16:16:15,697 [ERROR] LogOutputStream:75 - [STDERR_REDIRECT] 
2025-04-02 16:16:15,698 [ERROR] LogOutputStream:75 - [STDERR_REDIRECT] Apr 02, 2025 4:16:15 PM java.util.prefs.FileSystemPreferences syncWorld
2025-04-02 16:16:15,699 [ERROR] LogOutputStream:75 - [STDERR_REDIRECT] WARNING: Couldn't flush system prefs: java.util.prefs.BackingStoreException: Couldn't get file lock.
2025-04-02 16:16:15,699 [ERROR] LogOutputStream:75 - [STDERR_REDIRECT] 
2025-04-02 16:16:45,696 [ERROR] LogOutputStream:75 - [STDERR_REDIRECT] Apr 02, 2025 4:16:45 PM java.util.prefs.FileSystemPreferences checkLockFile0ErrorCode
2025-04-02 16:16:45,696 [ERROR] LogOutputStream:75 - [STDERR_REDIRECT] WARNING: Could not lock System prefs. Unix error code 2.
2025-04-02 16:16:45,697 [ERROR] LogOutputStream:75 - [STDERR_REDIRECT] 
2025-04-02 16:16:45,698 [ERROR] LogOutputStream:75 - [STDERR_REDIRECT] Apr 02, 2025 4:16:45 PM java.util.prefs.FileSystemPreferences syncWorld
2025-04-02 16:16:45,698 [ERROR] LogOutputStream:75 - [STDERR_REDIRECT] WARNING: Couldn't flush system prefs: java.util.prefs.BackingStoreException: Couldn't get file lock.
2025-04-02 16:16:45,698 [ERROR] LogOutputStream:75 - [STDERR_REDIRECT] 
2025-04-02 16:17:15,697 [ERROR] LogOutputStream:75 - [STDERR_REDIRECT] Apr 02, 2025 4:17:15 PM java.util.prefs.FileSystemPreferences checkLockFile0ErrorCode
2025-04-02 16:17:15,698 [ERROR] LogOutputStream:75 - [STDERR_REDIRECT] WARNING: Could not lock System prefs. Unix error code 2.
2025-04-02 16:17:15,698 [ERROR] LogOutputStream:75 - [STDERR_REDIRECT] 
2025-04-02 16:17:15,698 [ERROR] LogOutputStream:75 - [STDERR_REDIRECT] Apr 02, 2025 4:17:15 PM java.util.prefs.FileSystemPreferences syncWorld
2025-04-02 16:17:15,699 [ERROR] LogOutputStream:75 - [STDERR_REDIRECT] WARNING: Couldn't flush system prefs: java.util.prefs.BackingStoreException: Couldn't get file lock.
2025-04-02 16:17:15,699 [ERROR] LogOutputStream:75 - [STDERR_REDIRECT] 
2025-04-02 16:17:45,696 [ERROR] LogOutputStream:75 - [STDERR_REDIRECT] Apr 02, 2025 4:17:45 PM java.util.prefs.FileSystemPreferences checkLockFile0ErrorCode
2025-04-02 16:17:45,697 [ERROR] LogOutputStream:75 - [STDERR_REDIRECT] WARNING: Could not lock System prefs. Unix error code 2.
2025-04-02 16:17:45,697 [ERROR] LogOutputStream:75 - [STDERR_REDIRECT] 
2025-04-02 16:17:45,698 [ERROR] LogOutputStream:75 - [STDERR_REDIRECT] Apr 02, 2025 4:17:45 PM java.util.prefs.FileSystemPreferences syncWorld
2025-04-02 16:17:45,698 [ERROR] LogOutputStream:75 - [STDERR_REDIRECT] WARNING: Couldn't flush system prefs: java.util.prefs.BackingStoreException: Couldn't get file lock.
2025-04-02 16:17:45,698 [ERROR] LogOutputStream:75 - [STDERR_REDIRECT] 
2025-04-02 16:18:15,698 [ERROR] LogOutputStream:75 - [STDERR_REDIRECT] Apr 02, 2025 4:18:15 PM java.util.prefs.FileSystemPreferences checkLockFile0ErrorCode
2025-04-02 16:18:15,699 [ERROR] LogOutputStream:75 - [STDERR_REDIRECT] WARNING: Could not lock System prefs. Unix error code 2.
2025-04-02 16:18:15,699 [ERROR] LogOutputStream:75 - [STDERR_REDIRECT] 
2025-04-02 16:18:15,700 [ERROR] LogOutputStream:75 - [STDERR_REDIRECT] Apr 02, 2025 4:18:15 PM java.util.prefs.FileSystemPreferences syncWorld
2025-04-02 16:18:15,701 [ERROR] LogOutputStream:75 - [STDERR_REDIRECT] WARNING: Couldn't flush system prefs: java.util.prefs.BackingStoreException: Couldn't get file lock.
2025-04-02 16:18:15,701 [ERROR] LogOutputStream:75 - [STDERR_REDIRECT] 
2025-04-02 16:18:45,698 [ERROR] LogOutputStream:75 - [STDERR_REDIRECT] Apr 02, 2025 4:18:45 PM java.util.prefs.FileSystemPreferences checkLockFile0ErrorCode
2025-04-02 16:18:45,699 [ERROR] LogOutputStream:75 - [STDERR_REDIRECT] WARNING: Could not lock System prefs. Unix error code 2.
2025-04-02 16:18:45,699 [ERROR] LogOutputStream:75 - [STDERR_REDIRECT] 
2025-04-02 16:18:45,700 [ERROR] LogOutputStream:75 - [STDERR_REDIRECT] Apr 02, 2025 4:18:45 PM java.util.prefs.FileSystemPreferences syncWorld
2025-04-02 16:18:45,700 [ERROR] LogOutputStream:75 - [STDERR_REDIRECT] WARNING: Couldn't flush system prefs: java.util.prefs.BackingStoreException: Couldn't get file lock.
2025-04-02 16:18:45,700 [ERROR] LogOutputStream:75 - [STDERR_REDIRECT] 
2025-04-02 16:19:15,698 [ERROR] LogOutputStream:75 - [STDERR_REDIRECT] Apr 02, 2025 4:19:15 PM java.util.prefs.FileSystemPreferences checkLockFile0ErrorCode
2025-04-02 16:19:15,698 [ERROR] LogOutputStream:75 - [STDERR_REDIRECT] WARNING: Could not lock System prefs. Unix error code 2.
2025-04-02 16:19:15,698 [ERROR] LogOutputStream:75 - [STDERR_REDIRECT] 
2025-04-02 16:19:15,699 [ERROR] LogOutputStream:75 - [STDERR_REDIRECT] Apr 02, 2025 4:19:15 PM java.util.prefs.FileSystemPreferences syncWorld
2025-04-02 16:19:15,699 [ERROR] LogOutputStream:75 - [STDERR_REDIRECT] WARNING: Couldn't flush system prefs: java.util.prefs.BackingStoreException: Couldn't get file lock.
2025-04-02 16:19:15,699 [ERROR] LogOutputStream:75 - [STDERR_REDIRECT] 
2025-04-02 16:19:45,698 [ERROR] LogOutputStream:75 - [STDERR_REDIRECT] Apr 02, 2025 4:19:45 PM java.util.prefs.FileSystemPreferences checkLockFile0ErrorCode
2025-04-02 16:19:45,699 [ERROR] LogOutputStream:75 - [STDERR_REDIRECT] WARNING: Could not lock System prefs. Unix error code 2.
2025-04-02 16:19:45,699 [ERROR] LogOutputStream:75 - [STDERR_REDIRECT] 
2025-04-02 16:19:45,700 [ERROR] LogOutputStream:75 - [STDERR_REDIRECT] Apr 02, 2025 4:19:45 PM java.util.prefs.FileSystemPreferences syncWorld
2025-04-02 16:19:45,701 [ERROR] LogOutputStream:75 - [STDERR_REDIRECT] WARNING: Couldn't flush system prefs: java.util.prefs.BackingStoreException: Couldn't get file lock.
2025-04-02 16:19:45,701 [ERROR] LogOutputStream:75 - [STDERR_REDIRECT] 
2025-04-02 16:20:15,701 [ERROR] LogOutputStream:75 - [STDERR_REDIRECT] Apr 02, 2025 4:20:15 PM java.util.prefs.FileSystemPreferences checkLockFile0ErrorCode
2025-04-02 16:20:15,701 [ERROR] LogOutputStream:75 - [STDERR_REDIRECT] WARNING: Could not lock System prefs. Unix error code 2.
2025-04-02 16:20:15,701 [ERROR] LogOutputStream:75 - [STDERR_REDIRECT] 
2025-04-02 16:20:15,702 [ERROR] LogOutputStream:75 - [STDERR_REDIRECT] Apr 02, 2025 4:20:15 PM java.util.prefs.FileSystemPreferences syncWorld
2025-04-02 16:20:15,703 [ERROR] LogOutputStream:75 - [STDERR_REDIRECT] WARNING: Couldn't flush system prefs: java.util.prefs.BackingStoreException: Couldn't get file lock.
2025-04-02 16:20:15,703 [ERROR] LogOutputStream:75 - [STDERR_REDIRECT] 
2025-04-02 16:20:43,176 [ERROR] LogOutputStream:75 - [STDERR_REDIRECT] 
